Mirror started : cbean at Mon May 18 15:16:32 2009
Mirror finished : cbean at Mon May 18 15:17:12 2009
Mirror started : cbean at Mon May 18 15:19:54 2009
Mirror started : cbean at Tue May 19 15:03:08 2009
Mirror started : test at Tue May 19 15:10:51 2009
Mirror started : test at Tue May 19 15:48:58 2009
Mirror started : test at Tue May 19 15:56:57 2009
Mirror started : test at Tue May 19 16:04:28 2009
Mirror started : test at Tue May 19 16:05:40 2009
Mirror finished : test at Tue May 19 16:10:36 2009
Mirror started : cbean at Tue May 19 16:11:33 2009
Mirror started : cbean at Tue May 19 16:42:02 2009
Mirror started : cbean at Tue May 19 16:51:17 2009
Mirror started : cbean at Wed May 20 11:44:16 2009
Mirror started : cbean at Wed May 20 12:21:30 2009
Mirror started : cbean at Wed May 20 12:35:14 2009
Mirror started : test at Wed May 20 12:58:43 2009
Mirror started : test at Wed May 20 13:01:35 2009
Mirror started : cbean at Wed May 20 13:02:19 2009
Mirror started : cbean at Wed May 20 15:52:53 2009
Mirror finished : cbean at Wed May 20 15:57:35 2009
Mirror started : cbean at Fri Jun 12 11:26:23 2009
Mirror finished : cbean at Fri Jun 12 11:30:54 2009
Mirror started : cbean at Fri Jun 12 12:26:03 2009
Mirror finished : cbean at Fri Jun 12 12:30:08 2009
Mirror started : parrt at Fri Jun 26 13:54:44 2009
Mirror finished : parrt at Fri Jun 26 13:59:39 2009
Mirror started : cbean at Fri Jul 10 10:03:48 2009
Mirror finished : cbean at Fri Jul 10 10:07:56 2009
Mirror started : cbean at Wed Aug 12 11:11:12 2009
Mirror finished : cbean at Wed Aug 12 11:16:11 2009
Mirror started : test at Thu Aug 13 11:09:55 2009
Mirror finished : test at Thu Aug 13 11:13:56 2009
Mirror started : test at Thu Aug 13 15:06:54 2009
Mirror finished : test at Thu Aug 13 15:10:54 2009
Mirror started : parrt at Mon Aug 17 15:37:00 2009
Mirror finished : parrt at Mon Aug 17 15:41:44 2009
Mirror started : cbean at Tue Aug 18 16:04:41 2009
Mirror finished : cbean at Tue Aug 18 16:10:14 2009
Mirror started : cbean at Tue Aug 18 16:50:49 2009
Mirror finished : cbean at Tue Aug 18 16:55:47 2009
Mirror started : test at Wed Aug 19 11:24:28 2009
Mirror finished : test at Wed Aug 19 11:30:10 2009
Mirror started : parrt at Mon Aug 24 16:26:07 2009
Mirror finished : parrt at Mon Aug 24 16:29:52 2009
Mirror started : brooks at Tue Aug 25 13:41:58 2009
Mirror finished : brooks at Tue Aug 25 13:45:48 2009
Mirror started : test at Wed Aug 26 08:29:07 2009
Mirror finished : test at Wed Aug 26 08:33:16 2009
Mirror started : test at Wed Aug 26 11:49:14 2009
Mirror finished : test at Wed Aug 26 11:55:48 2009
Mirror started : test at Thu Aug 27 15:41:28 2009
Mirror finished : test at Thu Aug 27 15:45:57 2009
Mirror started : test at Thu Aug 27 16:29:37 2009
Mirror finished : test at Thu Aug 27 16:36:30 2009
Mirror started : test at Thu Aug 27 16:45:03 2009
Mirror finished : test at Thu Aug 27 16:51:47 2009
Mirror started : srollins at Wed Sep  2 07:28:37 2009
Mirror finished : srollins at Wed Sep  2 07:32:54 2009
Mirror started : cbean at Wed Sep  2 14:28:27 2009
Mirror finished : cbean at Wed Sep  2 14:32:33 2009
Mirror started : srollins at Sun Sep  6 19:23:10 2009
Mirror finished : srollins at Sun Sep  6 19:27:34 2009
Mirror started : srollins at Tue Sep  8 14:43:16 2009
Mirror finished : srollins at Tue Sep  8 14:48:31 2009
Mirror started : srollins at Thu Sep 10 16:50:15 2009
Mirror finished : srollins at Thu Sep 10 16:54:54 2009
Mirror started : cbean at Fri Sep 11 12:15:57 2009
Mirror finished : cbean at Fri Sep 11 12:20:37 2009
Mirror started : srollins at Tue Sep 15 14:04:37 2009
Mirror finished : srollins at Tue Sep 15 14:09:36 2009
Mirror started : srollins at Fri Sep 18 15:33:24 2009
Mirror finished : srollins at Fri Sep 18 15:38:11 2009
Mirror started : test at Thu Sep 24 08:37:18 2009
Mirror finished : test at Thu Sep 24 08:42:38 2009
Mirror started : parrt at Thu Sep 24 14:34:34 2009
Mirror finished : parrt at Thu Sep 24 14:39:02 2009
Mirror started : test at Fri Sep 25 15:45:14 2009
Mirror finished : test at Fri Sep 25 15:50:58 2009
Mirror started : test at Fri Sep 25 16:05:35 2009
Mirror finished : test at Fri Sep 25 16:10:56 2009
Mirror started : test at Fri Sep 25 16:16:00 2009
Mirror finished : test at Fri Sep 25 16:21:01 2009
Mirror started : test at Fri Sep 25 16:27:13 2009
Mirror finished : test at Fri Sep 25 16:32:13 2009
Mirror started : srollins at Thu Oct  1 11:17:15 2009
Mirror finished : srollins at Thu Oct  1 11:22:28 2009
Mirror started : srollins at Fri Oct  2 16:09:26 2009
Mirror finished : srollins at Fri Oct  2 16:14:08 2009
Mirror started : srollins at Mon Oct  5 17:24:16 2009
Mirror finished : srollins at Mon Oct  5 17:29:25 2009
Mirror started : srollins at Mon Oct 19 13:24:16 2009
Mirror finished : srollins at Mon Oct 19 13:29:51 2009
Mirror started : srollins at Tue Oct 20 12:20:43 2009
Mirror finished : srollins at Tue Oct 20 12:27:06 2009
Mirror started : brooks at Thu Oct 22 14:18:42 2009
Mirror finished : brooks at Thu Oct 22 14:25:40 2009
Mirror started : brooks at Thu Oct 22 14:38:56 2009
Mirror finished : brooks at Thu Oct 22 14:44:50 2009
Mirror started : srollins at Thu Oct 22 19:07:25 2009
Mirror finished : srollins at Thu Oct 22 19:12:41 2009
Mirror started : brooks at Thu Oct 29 13:54:47 2009
Mirror finished : brooks at Thu Oct 29 14:00:07 2009
Mirror started : srollins at Mon Nov  2 12:32:00 2009
Mirror finished : srollins at Mon Nov  2 12:37:33 2009
Mirror started : brooks at Tue Nov 10 10:37:50 2009
Mirror finished : brooks at Tue Nov 10 10:44:25 2009
Mirror started : srollins at Wed Nov 11 17:27:37 2009
Mirror finished : srollins at Wed Nov 11 17:33:29 2009
Mirror started : test at Fri Nov 13 14:40:28 2009
Mirror finished : test at Fri Nov 13 14:45:45 2009
Mirror started : test at Fri Nov 13 14:57:23 2009
Mirror finished : test at Fri Nov 13 15:02:16 2009
Mirror started : srollins at Mon Nov 16 13:01:20 2009
Mirror finished : srollins at Mon Nov 16 13:07:23 2009
Mirror started : srollins at Wed Nov 25 13:48:21 2009
Mirror finished : srollins at Wed Nov 25 13:54:14 2009
Mirror started : brooks at Tue Dec  8 12:11:17 2009
Mirror finished : brooks at Tue Dec  8 12:17:27 2009
Mirror started : parrt at Thu Jan  7 16:43:04 2010
Mirror finished : parrt at Thu Jan  7 16:51:42 2010
Mirror started : parrt at Thu Jan  7 17:53:19 2010
Mirror finished : parrt at Thu Jan  7 18:01:35 2010
Mirror started : parrt at Fri Jan  8 12:20:34 2010
Mirror finished : parrt at Fri Jan  8 12:31:15 2010
Mirror started : parrt at Sun Jan 10 13:56:26 2010
Mirror finished : parrt at Sun Jan 10 14:04:12 2010
Mirror started : parrt at Mon Jan 11 11:46:23 2010
Mirror finished : parrt at Mon Jan 11 11:57:38 2010
Mirror started : test at Wed Jan 13 14:52:46 2010
Mirror finished : test at Wed Jan 13 15:00:50 2010
Mirror started : parrt at Tue Jan 19 10:40:45 2010
Mirror finished : parrt at Tue Jan 19 10:48:03 2010
Mirror started : parrt at Tue Jan 19 11:21:15 2010
Mirror finished : parrt at Tue Jan 19 11:27:55 2010
Mirror started : test at Mon Jan 25 11:26:49 2010
Mirror finished : test at Mon Jan 25 11:34:51 2010
Mirror started : test at Tue Jan 26 13:15:54 2010
Mirror finished : test at Tue Jan 26 13:22:53 2010
Mirror started : test at Wed Jan 27 09:37:15 2010
Mirror finished : test at Wed Jan 27 09:44:11 2010
Mirror started : test at Wed Jan 27 10:46:53 2010
Mirror finished : test at Wed Jan 27 10:53:33 2010
Mirror started : parrt at Mon Feb  1 17:30:13 2010
Mirror finished : parrt at Mon Feb  1 17:37:31 2010
Mirror started : brooks at Thu Feb 18 14:21:45 2010
Mirror finished : brooks at Thu Feb 18 14:29:00 2010
Mirror started : test at Thu Feb 25 11:00:58 2010
Mirror finished : test at Thu Feb 25 11:08:55 2010
Mirror started : test at Wed Mar 10 09:05:40 2010
Mirror finished : test at Wed Mar 10 09:13:03 2010
Mirror started : test at Thu Mar 11 09:28:29 2010
Mirror finished : test at Thu Mar 11 09:35:22 2010
Mirror started : parrt at Mon Mar 15 11:47:30 2010
Mirror finished : parrt at Mon Mar 15 11:56:16 2010
Mirror started : test at Tue Mar 23 10:37:57 2010
Mirror finished : test at Tue Mar 23 10:47:00 2010
Mirror started : brooks at Wed Mar 31 10:36:01 2010
Mirror finished : brooks at Wed Mar 31 10:56:55 2010
Mirror started : brooks at Wed Mar 31 13:13:53 2010
Mirror finished : brooks at Wed Mar 31 13:33:31 2010
Mirror started : test at Mon Apr  5 14:59:01 2010
Mirror finished : test at Mon Apr  5 15:07:06 2010
Mirror started : test at Tue Apr  6 10:15:34 2010
Mirror finished : test at Tue Apr  6 10:24:59 2010
Mirror started : brooks at Thu Apr  8 10:02:34 2010
Mirror finished : brooks at Thu Apr  8 10:11:16 2010
Mirror started : cbean at Fri Apr  9 14:41:00 2010
Mirror finished : cbean at Fri Apr  9 14:49:43 2010
Mirror started : parrt at Fri Apr  9 16:05:38 2010
Mirror finished : parrt at Fri Apr  9 16:12:17 2010
Mirror started : cbean at Wed Apr 14 15:36:55 2010
Mirror finished : cbean at Wed Apr 14 15:44:21 2010
Mirror started : brooks at Thu Apr 15 14:10:47 2010
Mirror finished : brooks at Thu Apr 15 14:18:14 2010
Mirror started : parrt at Mon Apr 19 15:06:51 2010
Mirror finished : parrt at Mon Apr 19 15:14:53 2010
Mirror started : parrt at Thu Apr 29 16:17:21 2010
Mirror finished : parrt at Thu Apr 29 16:31:30 2010
Mirror started : brooks at Mon May  3 16:02:44 2010
Mirror finished : brooks at Mon May  3 16:11:29 2010
Mirror started : wolber at Wed Jun  2 12:04:26 2010
Mirror finished : wolber at Wed Jun  2 12:12:49 2010
Mirror started : wolber at Wed Jun  2 16:01:55 2010
Mirror finished : wolber at Wed Jun  2 16:08:04 2010
Mirror started : parrt at Thu Jul 29 12:40:29 2010
Mirror finished : parrt at Thu Jul 29 12:49:34 2010
Mirror started : parrt at Fri Jul 30 11:49:40 2010
Mirror finished : parrt at Fri Jul 30 11:57:39 2010
Mirror started : parrt at Fri Jul 30 12:46:26 2010
Mirror finished : parrt at Fri Jul 30 12:53:47 2010
Mirror started : parrt at Sat Jul 31 11:36:05 2010
Mirror finished : parrt at Sat Jul 31 11:42:28 2010
Mirror started : cbean at Mon Aug  2 13:09:19 2010
Mirror finished : cbean at Mon Aug  2 13:18:00 2010
Mirror started : parrt at Tue Aug  3 13:59:15 2010
Mirror finished : parrt at Tue Aug  3 14:07:11 2010
Mirror started : parrt at Tue Aug  3 14:11:17 2010
Mirror finished : parrt at Tue Aug  3 14:18:19 2010
Mirror started : cbean at Wed Aug 11 10:27:34 2010
Mirror finished : cbean at Wed Aug 11 10:36:50 2010
Mirror started : ksmoran at Thu Aug 12 12:18:19 2010
Mirror finished : ksmoran at Thu Aug 12 12:25:13 2010
Mirror started : test at Mon Aug 16 16:21:53 2010
Mirror finished : test at Mon Aug 16 16:30:25 2010
Mirror started : test at Tue Aug 17 10:19:39 2010
Mirror finished : test at Tue Aug 17 10:29:09 2010
Mirror started : test at Tue Aug 17 10:33:34 2010
Mirror finished : test at Tue Aug 17 10:41:48 2010
Mirror started : test at Wed Aug 18 12:46:25 2010
Mirror finished : test at Wed Aug 18 12:56:02 2010
Mirror started : parrt at Mon Aug 23 18:12:00 2010
Mirror finished : parrt at Mon Aug 23 18:18:40 2010
Mirror started : test at Fri Aug 27 08:50:06 2010
Mirror finished : test at Fri Aug 27 08:55:52 2010
Mirror started : test at Mon Aug 30 10:02:57 2010
Mirror finished : test at Mon Aug 30 10:08:48 2010
Mirror started : test at Tue Aug 31 14:47:33 2010
Mirror finished : test at Tue Aug 31 14:55:18 2010
Mirror started : test at Wed Sep  1 08:24:25 2010
Mirror finished : test at Wed Sep  1 08:32:38 2010
Mirror started : cbean at Wed Sep 22 16:43:31 2010
Mirror finished : cbean at Wed Sep 22 16:53:58 2010
Mirror started : test at Thu Sep 23 10:06:29 2010
Mirror finished : test at Thu Sep 23 10:15:46 2010
Mirror started : test at Tue Sep 28 15:46:23 2010
Mirror finished : test at Tue Sep 28 15:54:33 2010
Mirror started : test at Tue Sep 28 16:25:24 2010
Mirror finished : test at Tue Sep 28 16:33:23 2010
Mirror started : test at Fri Oct  1 11:06:56 2010
Mirror finished : test at Fri Oct  1 11:18:03 2010
Mirror started : test at Wed Oct 13 11:38:12 2010
Mirror finished : test at Wed Oct 13 11:47:15 2010
Mirror started : test at Wed Oct 13 12:09:36 2010
Mirror finished : test at Wed Oct 13 12:22:21 2010
Mirror started : test at Wed Oct 13 14:49:51 2010
Mirror finished : test at Wed Oct 13 15:06:24 2010
Mirror started : test at Wed Oct 13 15:11:06 2010
Mirror finished : test at Wed Oct 13 15:26:57 2010
Mirror started : test at Mon Oct 18 10:46:22 2010
Mirror finished : test at Mon Oct 18 11:02:07 2010
Mirror started : test at Mon Oct 18 14:47:30 2010
Mirror finished : test at Mon Oct 18 15:03:45 2010
Mirror started : test at Mon Oct 18 15:10:52 2010
Mirror finished : test at Mon Oct 18 15:26:10 2010
Mirror started : test at Mon Oct 18 16:41:36 2010
Mirror finished : test at Mon Oct 18 16:56:56 2010
Mirror started : test at Tue Oct 19 14:13:35 2010
Mirror finished : test at Tue Oct 19 14:26:49 2010
Mirror started : test at Tue Oct 19 14:55:43 2010
Mirror finished : test at Tue Oct 19 15:09:17 2010
Mirror started : test at Thu Oct 21 08:36:37 2010
Mirror finished : test at Thu Oct 21 08:48:04 2010
Mirror started : test at Thu Oct 21 10:55:41 2010
Mirror finished : test at Thu Oct 21 11:08:30 2010
Mirror started : test at Thu Oct 21 15:42:15 2010
Mirror finished : test at Thu Oct 21 15:56:34 2010
Mirror started : test at Mon Nov  8 08:38:39 2010
Mirror finished : test at Mon Nov  8 08:56:04 2010
Mirror started : test at Thu Nov 11 09:31:54 2010
Mirror finished : test at Thu Nov 11 09:45:22 2010
Mirror started : test at Fri Nov 12 08:39:14 2010
Mirror finished : test at Fri Nov 12 08:53:39 2010
Mirror started : test at Fri Nov 12 09:50:05 2010
Mirror finished : test at Fri Nov 12 10:05:39 2010
Mirror started : cbean at Mon Nov 15 15:31:06 2010
Mirror finished : cbean at Mon Nov 15 15:43:50 2010
Mirror started : wolber at Tue Nov 16 16:41:50 2010
Mirror finished : wolber at Tue Nov 16 16:52:20 2010
Mirror started : cbean at Mon Nov 22 14:17:42 2010
Mirror finished : cbean at Mon Nov 22 14:26:38 2010
Mirror started : test at Mon Nov 29 11:57:25 2010
Mirror finished : test at Mon Nov 29 12:06:08 2010
Mirror started : test at Mon Nov 29 12:24:50 2010
Mirror finished : test at Mon Nov 29 12:33:56 2010
Mirror started : parrt at Sat Dec  4 12:20:50 2010
Mirror finished : parrt at Sat Dec  4 12:26:25 2010
Mirror started : cbean at Mon Dec  6 11:40:24 2010
Mirror finished : cbean at Mon Dec  6 11:47:06 2010
Mirror started : test at Mon Dec  6 16:02:35 2010
Mirror finished : test at Mon Dec  6 16:11:06 2010
Mirror started : cbean at Mon Dec  6 18:17:28 2010
Mirror finished : cbean at Mon Dec  6 18:27:01 2010
Mirror started : wolber at Mon Dec 13 17:40:25 2010
Mirror finished : wolber at Mon Dec 13 17:51:28 2010
Mirror started : parrt at Tue Jan  4 10:38:34 2011
Mirror finished : parrt at Tue Jan  4 10:48:53 2011
Mirror started : test at Wed Jan 19 10:44:03 2011
Mirror finished : test at Wed Jan 19 10:53:20 2011
Mirror started : test at Wed Jan 19 13:49:58 2011
Mirror finished : test at Wed Jan 19 13:58:29 2011
Mirror started : test at Wed Jan 19 14:15:05 2011
Mirror finished : test at Wed Jan 19 14:23:57 2011
Mirror started : test at Wed Jan 19 15:48:12 2011
Mirror finished : test at Wed Jan 19 15:56:42 2011
Mirror started : test at Thu Jan 20 10:38:52 2011
Mirror finished : test at Thu Jan 20 10:47:16 2011
Mirror started : test at Mon Jan 24 09:47:52 2011
Mirror finished : test at Mon Jan 24 09:56:27 2011
Mirror started : test at Mon Jan 24 12:18:29 2011
Mirror finished : test at Mon Jan 24 12:27:14 2011
Mirror started : test at Mon Jan 24 12:36:12 2011
Mirror finished : test at Mon Jan 24 12:44:48 2011
Mirror started : test at Tue Jan 25 10:17:46 2011
Mirror finished : test at Tue Jan 25 10:26:15 2011
Mirror started : test at Wed Jan 26 10:05:22 2011
Mirror finished : test at Wed Jan 26 10:13:49 2011
Mirror started : test at Wed Jan 26 11:38:29 2011
Mirror finished : test at Wed Jan 26 11:46:39 2011
Mirror started : test at Wed Jan 26 11:58:52 2011
Mirror finished : test at Wed Jan 26 12:06:28 2011
Mirror started : test at Thu Jan 27 13:57:51 2011
Mirror finished : test at Thu Jan 27 14:06:23 2011
Mirror started : test at Fri Jan 28 15:04:53 2011
Mirror finished : test at Fri Jan 28 15:14:50 2011
Mirror started : test at Fri Jan 28 15:23:23 2011
Mirror finished : test at Fri Jan 28 15:32:08 2011
Mirror started : test at Tue Feb  1 10:13:18 2011
Mirror finished : test at Tue Feb  1 10:25:23 2011
Mirror started : parrt at Fri Feb 25 13:06:21 2011
Mirror finished : parrt at Fri Feb 25 13:16:07 2011
Mirror started : parrt at Fri Mar  4 12:31:16 2011
Mirror finished : parrt at Fri Mar  4 12:41:22 2011
Mirror started : parrt at Sun Mar 27 13:59:30 2011
Mirror finished : parrt at Sun Mar 27 14:07:43 2011
Mirror started : test at Thu Apr  7 09:38:07 2011
Mirror finished : test at Thu Apr  7 09:47:04 2011
Mirror started : test at Mon Apr 11 09:46:51 2011
Mirror finished : test at Mon Apr 11 09:56:38 2011
Mirror started : cbean at Mon Apr 11 10:11:12 2011
Mirror finished : cbean at Mon Apr 11 10:21:01 2011
Mirror started : test at Wed Apr 13 15:29:22 2011
Mirror finished : test at Wed Apr 13 15:39:22 2011
Mirror started : test at Fri Apr 15 09:34:11 2011
Mirror finished : test at Fri Apr 15 09:44:04 2011
Mirror started : test at Mon Apr 18 08:47:06 2011
Mirror finished : test at Mon Apr 18 08:58:13 2011
Mirror started : test at Thu Apr 28 09:11:55 2011
Mirror finished : test at Thu Apr 28 09:22:54 2011
Mirror started : test at Mon May  2 12:52:36 2011
Mirror finished : test at Mon May  2 13:02:57 2011
Mirror started : parrt at Mon May  2 13:57:30 2011
Mirror finished : parrt at Mon May  2 14:07:21 2011
Mirror started : parrt at Mon May  2 14:09:23 2011
Mirror finished : parrt at Mon May  2 14:19:15 2011
Mirror started : parrt at Mon May  2 16:07:12 2011
Mirror finished : parrt at Mon May  2 16:16:58 2011
Mirror started : test at Wed May  4 08:47:00 2011
Mirror finished : test at Wed May  4 08:57:28 2011
Mirror started : parrt at Fri May  6 15:40:19 2011
Mirror finished : parrt at Fri May  6 15:50:16 2011
Mirror started : parrt at Tue May 10 10:57:29 2011
Mirror finished : parrt at Tue May 10 11:08:02 2011
Mirror started : wolber at Wed May 11 10:14:35 2011
Mirror finished : wolber at Wed May 11 10:25:12 2011
Mirror started : parrt at Mon May 16 14:38:09 2011
Mirror finished : parrt at Mon May 16 14:47:53 2011
Mirror started : test at Fri Jun  3 12:46:56 2011
Mirror finished : test at Fri Jun  3 12:57:24 2011
Mirror started : parrt at Wed Jul 20 15:27:03 2011
Mirror finished : parrt at Wed Jul 20 15:36:06 2011
Mirror started : parrt at Tue Aug  2 13:50:48 2011
Mirror finished : parrt at Tue Aug  2 13:59:54 2011
Mirror started : parrt at Wed Aug  3 13:47:13 2011
Mirror finished : parrt at Wed Aug  3 13:56:14 2011
Mirror started : parrt at Mon Aug  8 16:12:34 2011
Mirror finished : parrt at Mon Aug  8 16:21:47 2011
Mirror started : cbean at Tue Aug  9 16:25:06 2011
Mirror finished : cbean at Tue Aug  9 16:35:14 2011
Mirror started : cbean at Thu Aug 18 13:50:59 2011
Mirror finished : cbean at Thu Aug 18 14:01:40 2011
Mirror started : cbean at Mon Aug 22 18:20:27 2011
Mirror finished : cbean at Mon Aug 22 18:30:29 2011
Mirror started : test at Tue Aug 23 10:43:56 2011
Mirror finished : test at Tue Aug 23 10:54:20 2011
Mirror started : test at Tue Aug 23 16:16:16 2011
Mirror finished : test at Tue Aug 23 16:25:48 2011
Mirror started : test at Wed Aug 24 09:47:04 2011
Mirror finished : test at Wed Aug 24 09:59:06 2011
Mirror started : test at Wed Aug 24 10:44:38 2011
Mirror finished : test at Wed Aug 24 10:55:48 2011
Mirror started : test at Wed Aug 24 11:30:59 2011
Mirror finished : test at Wed Aug 24 11:42:37 2011
Mirror started : test at Thu Aug 25 15:31:23 2011
Mirror finished : test at Thu Aug 25 15:41:26 2011
Mirror started : test at Mon Aug 29 15:04:40 2011
Mirror finished : test at Mon Aug 29 15:14:31 2011
Mirror started : test at Tue Aug 30 10:20:13 2011
Mirror finished : test at Tue Aug 30 10:30:59 2011
Mirror started : cbean at Wed Aug 31 12:18:02 2011
Mirror finished : cbean at Wed Aug 31 12:28:09 2011
Mirror started : parrt at Wed Aug 31 12:43:57 2011
Mirror finished : parrt at Wed Aug 31 12:54:11 2011
Mirror started : parrt at Thu Sep  1 10:30:41 2011
Mirror finished : parrt at Thu Sep  1 10:40:29 2011
Mirror started : cbean at Tue Oct 11 14:00:14 2011
Mirror finished : cbean at Tue Oct 11 14:08:49 2011
Mirror started : ejung at Thu Oct 13 15:19:33 2011
Mirror finished : ejung at Thu Oct 13 15:28:48 2011
Mirror started : test at Tue Oct 25 08:48:23 2011
Mirror finished : test at Tue Oct 25 08:57:27 2011
Mirror started : cbean at Tue Oct 25 12:50:54 2011
Mirror finished : cbean at Tue Oct 25 12:59:57 2011
Mirror started : cbean at Tue Oct 25 13:54:47 2011
Mirror finished : cbean at Tue Oct 25 14:03:26 2011
Mirror started : wolber at Wed Oct 26 11:23:09 2011
Mirror finished : wolber at Wed Oct 26 11:32:18 2011
Mirror started : wolber at Wed Oct 26 12:07:36 2011
Mirror finished : wolber at Wed Oct 26 12:17:10 2011
Mirror started : test at Mon Oct 31 10:45:05 2011
Mirror finished : test at Mon Oct 31 10:55:06 2011
Mirror started : wolber at Mon Oct 31 14:28:17 2011
Mirror finished : wolber at Mon Oct 31 14:37:29 2011
Mirror started : ejung at Mon Oct 31 14:58:23 2011
Mirror finished : ejung at Mon Oct 31 15:07:16 2011
Mirror started : test at Tue Nov  1 09:01:43 2011
Mirror finished : test at Tue Nov  1 09:11:18 2011
Mirror started : cbean at Tue Nov  1 14:41:38 2011
Mirror finished : cbean at Tue Nov  1 14:50:12 2011
Mirror started : wolber at Thu Nov  3 09:38:40 2011
Mirror finished : wolber at Thu Nov  3 09:47:33 2011
Mirror started : cbean at Wed Nov  9 11:35:58 2011
Mirror finished : cbean at Wed Nov  9 11:45:01 2011
Mirror started : test at Wed Nov  9 16:22:34 2011
Mirror finished : test at Wed Nov  9 16:31:44 2011
Mirror started : test at Thu Nov 10 12:00:23 2011
Mirror finished : test at Thu Nov 10 12:11:08 2011
Mirror started : test at Thu Nov 10 16:10:08 2011
Mirror finished : test at Thu Nov 10 16:19:44 2011
Mirror started : ejung at Mon Nov 14 10:51:22 2011
Mirror finished : ejung at Mon Nov 14 11:01:03 2011
Mirror started : test at Thu Nov 17 11:59:18 2011
Mirror finished : test at Thu Nov 17 12:08:35 2011
Mirror started : test at Fri Nov 18 09:23:12 2011
Mirror finished : test at Fri Nov 18 09:31:59 2011
Mirror started : cbean at Fri Nov 18 12:59:42 2011
Mirror finished : cbean at Fri Nov 18 13:08:20 2011
Mirror started : test at Mon Nov 21 11:38:59 2011
Mirror finished : test at Mon Nov 21 11:47:57 2011
Mirror started : parrt at Mon Nov 28 15:22:46 2011
Mirror finished : parrt at Mon Nov 28 15:31:00 2011
Mirror started : ejung at Tue Nov 29 23:34:59 2011
Mirror finished : ejung at Tue Nov 29 23:43:36 2011
Mirror started : test at Thu Dec  1 10:35:43 2011
Mirror finished : test at Thu Dec  1 10:44:36 2011
Mirror started : test at Thu Dec  1 10:55:04 2011
Mirror finished : test at Thu Dec  1 11:04:07 2011
Mirror started : test at Thu Dec  1 11:12:07 2011
Mirror finished : test at Thu Dec  1 11:20:42 2011
Mirror started : wolber at Wed Dec  7 15:22:14 2011
Mirror finished : wolber at Wed Dec  7 15:29:02 2011
Mirror started : wolber at Thu Dec  8 10:41:06 2011
Mirror finished : wolber at Thu Dec  8 10:48:49 2011
Mirror started : test at Wed Dec 14 10:20:58 2011
Mirror finished : test at Wed Dec 14 10:29:18 2011
Mirror started : test at Wed Dec 14 11:05:02 2011
Mirror finished : test at Wed Dec 14 11:13:09 2011
Mirror started : test at Tue Jan 10 11:07:57 2012
Mirror finished : test at Tue Jan 10 11:16:35 2012
Mirror started : parrt at Wed Jan 11 10:12:07 2012
Mirror finished : parrt at Wed Jan 11 10:20:41 2012
Mirror started : test at Wed Jan 18 14:41:28 2012
Mirror finished : test at Wed Jan 18 14:50:09 2012
Mirror started : test at Thu Jan 19 12:43:09 2012
Mirror finished : test at Thu Jan 19 12:51:50 2012
Mirror started : test at Fri Jan 20 11:31:38 2012
Mirror finished : test at Fri Jan 20 11:40:19 2012
Mirror started : test at Fri Jan 20 13:27:18 2012
Mirror finished : test at Fri Jan 20 13:35:37 2012
Mirror started : test at Fri Jan 20 16:01:12 2012
Mirror finished : test at Fri Jan 20 16:09:18 2012
Mirror started : test at Mon Jan 23 15:48:24 2012
Mirror finished : test at Mon Jan 23 15:56:36 2012
Mirror started : test at Tue Jan 24 10:52:24 2012
Mirror finished : test at Tue Jan 24 11:00:40 2012
Mirror started : test at Wed Jan 25 08:59:51 2012
Mirror finished : test at Wed Jan 25 09:09:03 2012
Mirror started : test at Wed Jan 25 09:13:57 2012
Mirror finished : test at Wed Jan 25 09:22:16 2012
Mirror started : test at Wed Jan 25 09:48:15 2012
Mirror finished : test at Wed Jan 25 09:57:03 2012
Mirror started : test at Wed Jan 25 10:04:34 2012
Mirror finished : test at Wed Jan 25 10:12:46 2012
Mirror started : test at Wed Jan 25 11:22:52 2012
Mirror finished : test at Wed Jan 25 11:32:00 2012
Mirror started : test at Wed Jan 25 14:33:28 2012
Mirror finished : test at Wed Jan 25 14:41:53 2012
Mirror started : test at Wed Jan 25 14:48:52 2012
Mirror finished : test at Wed Jan 25 14:57:10 2012
Mirror started : test at Wed Jan 25 16:35:09 2012
Mirror finished : test at Wed Jan 25 16:43:32 2012
Mirror started : test at Thu Jan 26 09:06:41 2012
Mirror finished : test at Thu Jan 26 09:15:55 2012
Mirror started : test at Thu Jan 26 15:07:39 2012
Mirror finished : test at Thu Jan 26 15:16:49 2012
Mirror started : test at Thu Jan 26 15:43:53 2012
Mirror finished : test at Thu Jan 26 15:52:48 2012
Mirror started : test at Wed Feb  1 09:31:54 2012
Mirror finished : test at Wed Feb  1 09:40:51 2012
Mirror started : test at Wed Feb  1 09:43:48 2012
Mirror finished : test at Wed Feb  1 09:52:55 2012
Mirror started : test at Wed Feb  1 10:18:33 2012
Mirror finished : test at Wed Feb  1 10:27:20 2012
Mirror started : test at Wed Feb  1 14:58:47 2012
Mirror finished : test at Wed Feb  1 15:07:29 2012
Mirror started : test at Wed Feb  8 15:48:38 2012
Mirror finished : test at Wed Feb  8 15:58:05 2012
Mirror started : test at Thu Feb  9 08:38:03 2012
Mirror finished : test at Thu Feb  9 08:47:01 2012
Mirror started : test at Fri Feb 10 11:30:20 2012
Mirror finished : test at Fri Feb 10 11:39:29 2012
Mirror started : test at Tue Feb 14 09:40:06 2012
Mirror finished : test at Tue Feb 14 09:49:20 2012
Mirror started : test at Wed Feb 15 09:42:12 2012
Mirror finished : test at Wed Feb 15 09:51:40 2012
Mirror started : test at Fri Feb 24 09:36:56 2012
Mirror finished : test at Fri Feb 24 09:44:12 2012
Mirror started : test at Mon Feb 27 16:28:06 2012
Mirror finished : test at Mon Feb 27 16:35:35 2012
Mirror started : test at Wed Feb 29 09:40:47 2012
Mirror finished : test at Wed Feb 29 09:49:27 2012
Mirror started : test at Thu Mar  1 10:04:48 2012
Mirror finished : test at Thu Mar  1 10:12:18 2012
Mirror started : parrt at Thu Mar  1 10:59:42 2012
Mirror finished : parrt at Thu Mar  1 11:07:05 2012
Mirror started : test at Fri Mar  2 10:16:50 2012
Mirror finished : test at Fri Mar  2 10:24:20 2012
Mirror started : test at Fri Mar  2 10:42:37 2012
Mirror finished : test at Fri Mar  2 10:49:29 2012
Mirror started : test at Mon Mar  5 08:53:56 2012
Mirror finished : test at Mon Mar  5 09:01:34 2012
Mirror started : test at Fri Mar  9 09:20:37 2012
Mirror finished : test at Fri Mar  9 09:27:42 2012
Mirror started : test at Wed Mar 21 11:51:08 2012
Mirror finished : test at Wed Mar 21 12:00:58 2012
Mirror started : test at Thu Mar 22 14:29:31 2012
Mirror finished : test at Thu Mar 22 14:36:40 2012
Mirror started : parrt at Fri Mar 23 11:10:50 2012
Mirror finished : parrt at Fri Mar 23 11:18:30 2012
Mirror started : test at Thu Mar 29 14:49:54 2012
Mirror finished : test at Thu Mar 29 14:57:30 2012
Mirror started : test at Fri Mar 30 10:09:26 2012
Mirror finished : test at Fri Mar 30 10:16:37 2012
Mirror started : test at Mon Apr  2 11:31:14 2012
Mirror finished : test at Mon Apr  2 11:38:52 2012
Mirror started : test at Mon Apr  2 14:37:22 2012
Mirror finished : test at Mon Apr  2 14:45:10 2012
Mirror started : test at Mon Apr  2 15:41:58 2012
Mirror finished : test at Mon Apr  2 15:48:54 2012
Mirror started : test at Tue Apr  3 08:58:40 2012
Mirror finished : test at Tue Apr  3 09:06:16 2012
Mirror started : test at Mon Apr 16 09:22:10 2012
Mirror finished : test at Mon Apr 16 09:30:24 2012
Mirror started : test at Wed Apr 18 09:16:27 2012
Mirror finished : test at Wed Apr 18 09:24:06 2012
Mirror started : test at Mon Apr 23 09:19:26 2012
Mirror finished : test at Mon Apr 23 09:27:23 2012
Mirror started : test at Wed Apr 25 10:29:04 2012
Mirror finished : test at Wed Apr 25 10:36:40 2012
Mirror started : test at Fri Apr 27 11:37:05 2012
Mirror finished : test at Fri Apr 27 11:45:10 2012
Mirror started : test at Fri Apr 27 11:53:32 2012
Mirror finished : test at Fri Apr 27 12:02:52 2012
Mirror started : test at Mon Apr 30 10:45:59 2012
Mirror finished : test at Mon Apr 30 10:53:46 2012
Mirror started : test at Thu May  3 11:11:30 2012
Mirror finished : test at Thu May  3 11:19:28 2012
Mirror started : test at Mon May  7 15:34:33 2012
Mirror finished : test at Mon May  7 15:42:27 2012
Mirror started : test at Wed Jun 13 09:50:15 2012
Mirror finished : test at Wed Jun 13 09:57:25 2012
Mirror started : test at Wed Jun 13 10:04:53 2012
Mirror finished : test at Wed Jun 13 10:12:41 2012
Mirror started : parrt at Thu Aug  9 10:45:07 2012
Mirror finished : parrt at Thu Aug  9 10:51:58 2012
Mirror started : parrt at Thu Aug  9 12:57:30 2012
Mirror finished : parrt at Thu Aug  9 13:02:08 2012
Mirror started : test at Tue Aug 14 11:58:08 2012
Mirror finished : test at Tue Aug 14 12:04:46 2012
Mirror started : parrt at Tue Aug 14 18:07:10 2012
Mirror finished : parrt at Tue Aug 14 18:14:03 2012
Mirror started : test at Thu Aug 16 10:29:00 2012
Mirror finished : test at Thu Aug 16 10:35:56 2012
Mirror started : test at Thu Aug 16 11:40:35 2012
Mirror finished : test at Thu Aug 16 11:46:53 2012
Mirror started : test at Fri Aug 17 09:43:36 2012
Mirror finished : test at Fri Aug 17 09:50:40 2012
Mirror started : test at Mon Aug 20 11:41:07 2012
Mirror finished : test at Mon Aug 20 11:48:31 2012
Mirror started : wolber at Mon Aug 20 12:49:54 2012
Mirror finished : wolber at Mon Aug 20 12:55:55 2012
Mirror started : wolber at Mon Aug 20 13:03:51 2012
Mirror finished : wolber at Mon Aug 20 13:08:15 2012
Mirror started : test at Tue Aug 21 15:40:49 2012
Mirror finished : test at Tue Aug 21 15:47:21 2012
Mirror started : test at Wed Aug 22 08:35:59 2012
Mirror finished : test at Wed Aug 22 08:43:06 2012
Mirror started : test at Wed Aug 22 08:55:41 2012
Mirror finished : test at Wed Aug 22 09:02:06 2012
Mirror started : test at Thu Aug 23 10:18:24 2012
Mirror finished : test at Thu Aug 23 10:25:59 2012
Mirror started : test at Thu Aug 23 15:11:16 2012
Mirror finished : test at Thu Aug 23 15:18:07 2012
Mirror started : test at Thu Aug 23 16:28:09 2012
Mirror finished : test at Thu Aug 23 16:34:43 2012
Mirror started : ejung at Thu Aug 23 18:40:51 2012
Mirror finished : ejung at Thu Aug 23 18:47:37 2012
Mirror started : test at Fri Aug 24 10:07:57 2012
Mirror finished : test at Fri Aug 24 10:15:06 2012
Mirror started : test at Fri Aug 24 15:31:04 2012
Mirror finished : test at Fri Aug 24 15:37:40 2012
Mirror started : test at Fri Aug 24 16:20:04 2012
Mirror finished : test at Fri Aug 24 16:26:06 2012
Mirror started : test at Fri Aug 24 16:29:03 2012
Mirror finished : test at Fri Aug 24 16:34:49 2012
Mirror started : test at Tue Aug 28 10:11:45 2012
Mirror finished : test at Tue Aug 28 10:19:10 2012
Mirror started : test at Tue Aug 28 10:54:25 2012
Mirror finished : test at Tue Aug 28 11:01:09 2012
Mirror started : cbean at Tue Aug 28 17:10:57 2012
Mirror finished : cbean at Tue Aug 28 17:16:53 2012
Mirror started : test at Wed Aug 29 15:10:56 2012
Mirror finished : test at Wed Aug 29 15:17:09 2012
Mirror started : test at Thu Aug 30 10:12:39 2012
Mirror finished : test at Thu Aug 30 10:19:12 2012
Mirror started : test at Thu Sep 13 09:28:48 2012
Mirror finished : test at Thu Sep 13 09:35:32 2012
Mirror started : test at Wed Sep 26 10:15:22 2012
Mirror finished : test at Wed Sep 26 10:21:53 2012
Mirror started : test at Fri Sep 28 09:59:12 2012
Mirror finished : test at Fri Sep 28 10:06:34 2012
Mirror started : test at Mon Oct  1 08:55:35 2012
Mirror finished : test at Mon Oct  1 09:01:57 2012
Mirror started : cbean at Fri Oct 12 15:51:16 2012
Mirror finished : cbean at Fri Oct 12 15:57:43 2012
Mirror started : test at Mon Oct 15 11:37:20 2012
Mirror finished : test at Mon Oct 15 11:43:59 2012
Mirror started : test at Thu Nov  1 09:36:24 2012
Mirror finished : test at Thu Nov  1 09:42:22 2012
Mirror started : test at Tue Nov  6 11:44:01 2012
Mirror finished : test at Tue Nov  6 11:49:58 2012
Mirror started : test at Wed Nov  7 09:53:18 2012
Mirror finished : test at Wed Nov  7 09:59:05 2012
Mirror started : cbean at Fri Nov  9 19:57:17 2012
Mirror finished : cbean at Fri Nov  9 20:02:58 2012
Mirror started : wolber at Wed Nov 14 13:43:58 2012
Mirror finished : wolber at Wed Nov 14 13:50:00 2012
Mirror started : wolber at Wed Nov 14 13:54:41 2012
Mirror finished : wolber at Wed Nov 14 14:00:25 2012
Mirror started : cbean at Thu Nov 15 14:48:59 2012
Mirror finished : cbean at Thu Nov 15 14:55:00 2012
Mirror started : wolber at Fri Nov 30 11:52:45 2012
Mirror finished : wolber at Fri Nov 30 11:59:34 2012
Mirror started : test at Mon Dec 10 15:51:59 2012
Mirror finished : test at Mon Dec 10 15:58:08 2012
Mirror started : test at Thu Jan 10 11:23:01 2013
Mirror finished : test at Thu Jan 10 11:29:10 2013
Mirror started : test at Thu Jan 10 14:28:42 2013
Mirror finished : test at Thu Jan 10 14:34:57 2013
Mirror started : test at Fri Jan 11 11:03:03 2013
Mirror finished : test at Fri Jan 11 11:09:46 2013
Mirror started : test at Thu Jan 17 14:53:13 2013
Mirror finished : test at Thu Jan 17 14:59:40 2013
Mirror started : test at Thu Jan 17 15:13:25 2013
Mirror finished : test at Thu Jan 17 15:19:05 2013
Mirror started : test at Tue Jan 22 10:05:01 2013
Mirror finished : test at Tue Jan 22 10:11:43 2013
Mirror started : test at Tue Jan 22 10:44:56 2013
Mirror finished : test at Tue Jan 22 10:51:15 2013
Mirror started : test at Thu Jan 24 10:56:00 2013
Mirror finished : test at Thu Jan 24 11:02:19 2013
Mirror started : test at Thu Jan 24 11:28:57 2013
Mirror finished : test at Thu Jan 24 11:35:27 2013
Mirror started : test at Thu Jan 24 11:38:48 2013
Mirror finished : test at Thu Jan 24 11:44:52 2013
Mirror started : test at Fri Jan 25 09:01:29 2013
Mirror finished : test at Fri Jan 25 09:08:43 2013
Mirror started : test at Fri Jan 25 14:37:10 2013
Mirror finished : test at Fri Jan 25 14:43:20 2013
Mirror started : test at Wed Jan 30 11:12:54 2013
Mirror finished : test at Wed Jan 30 11:18:59 2013
Mirror started : test at Wed Jan 30 14:59:33 2013
Mirror finished : test at Wed Jan 30 15:05:52 2013
Mirror started : test at Thu Jan 31 09:22:54 2013
Mirror finished : test at Thu Jan 31 09:29:01 2013
Mirror started : cbean at Thu Jan 31 12:29:57 2013
Mirror finished : cbean at Thu Jan 31 12:36:13 2013
Mirror started : test at Tue Feb  5 15:01:34 2013
Mirror finished : test at Tue Feb  5 15:08:40 2013
Mirror started : test at Tue Feb  5 15:11:52 2013
Mirror finished : test at Tue Feb  5 15:17:20 2013
Mirror started : cbean at Thu Feb  7 15:01:10 2013
Mirror finished : cbean at Thu Feb  7 15:07:49 2013
Mirror started : test at Fri Feb 15 10:52:30 2013
Mirror finished : test at Fri Feb 15 10:59:10 2013
Mirror started : test at Tue Feb 19 08:58:41 2013
Mirror started : cbean at Fri Feb 22 10:26:37 2013
Mirror finished : cbean at Fri Feb 22 10:33:25 2013
Mirror started : test at Fri Mar  1 09:27:25 2013
Mirror finished : test at Fri Mar  1 09:34:29 2013
Mirror started : test at Fri Mar  1 09:38:19 2013
Mirror finished : test at Fri Mar  1 09:44:13 2013
Mirror started : test at Mon Mar 18 10:35:40 2013
Mirror finished : test at Mon Mar 18 10:42:03 2013
Mirror started : test at Mon Mar 18 10:43:06 2013
Mirror finished : test at Mon Mar 18 10:48:39 2013
Mirror started : test at Mon Mar 18 11:17:32 2013
Mirror finished : test at Mon Mar 18 11:22:58 2013
Mirror started : test at Fri Mar 22 15:13:46 2013
Mirror finished : test at Fri Mar 22 15:20:12 2013
Mirror started : test at Thu Mar 28 14:34:30 2013
Mirror finished : test at Thu Mar 28 14:40:28 2013
Mirror started : test at Tue Apr  2 11:18:55 2013
Mirror finished : test at Tue Apr  2 11:25:21 2013
Mirror started : test at Tue Apr  2 11:34:34 2013
Mirror finished : test at Tue Apr  2 11:40:56 2013
Mirror started : test at Wed Apr  3 08:54:22 2013
Mirror finished : test at Wed Apr  3 09:00:35 2013
Mirror started : test at Wed Apr  3 11:11:53 2013
Mirror finished : test at Wed Apr  3 11:17:53 2013
Mirror started : test at Wed Apr  3 15:40:57 2013
Mirror finished : test at Wed Apr  3 15:47:35 2013
Mirror started : test at Thu Apr  4 14:40:52 2013
Mirror finished : test at Thu Apr  4 14:47:45 2013
Mirror started : test at Fri Apr  5 08:35:16 2013
Mirror finished : test at Fri Apr  5 08:42:08 2013
Mirror started : test at Fri Apr  5 15:33:21 2013
Mirror finished : test at Fri Apr  5 15:39:36 2013
Mirror started : test at Mon Apr 22 09:04:25 2013
Mirror finished : test at Mon Apr 22 09:10:46 2013
Mirror started : test at Thu Apr 25 08:47:16 2013
Mirror finished : test at Thu Apr 25 08:53:31 2013
Mirror started : test at Thu Apr 25 09:21:19 2013
Mirror finished : test at Thu Apr 25 09:26:41 2013
Mirror started : test at Thu Apr 25 09:58:56 2013
Mirror finished : test at Thu Apr 25 10:04:33 2013
Mirror started : test at Mon Apr 29 09:52:30 2013
Mirror finished : test at Mon Apr 29 09:59:17 2013
Mirror started : test at Thu May  2 10:15:05 2013
Mirror finished : test at Thu May  2 10:21:13 2013
Mirror started : test at Thu May  9 11:01:22 2013
Mirror finished : test at Thu May  9 11:08:06 2013
Mirror started : parrt at Thu Jun 13 17:19:43 2013
Mirror finished : parrt at Thu Jun 13 17:26:02 2013
Mirror started : cbean at Tue Jul  9 14:42:22 2013
Mirror finished : cbean at Tue Jul  9 14:49:10 2013
Mirror started : cbean at Tue Jul  9 14:56:47 2013
Mirror finished : cbean at Tue Jul  9 15:01:09 2013
Mirror started : cbean at Wed Jul 10 14:31:36 2013
Mirror finished : cbean at Wed Jul 10 14:35:33 2013
Mirror started : test at Fri Jul 12 14:23:43 2013
Mirror finished : test at Fri Jul 12 14:30:06 2013
Mirror started : test at Fri Jul 12 14:33:40 2013
Mirror finished : test at Fri Jul 12 14:40:02 2013
Mirror started : test at Wed Jul 31 15:10:28 2013
Mirror finished : test at Wed Jul 31 15:16:20 2013
Mirror started : test at Wed Jul 31 15:26:27 2013
Mirror finished : test at Wed Jul 31 15:31:48 2013
Mirror started : test at Fri Aug  2 10:01:37 2013
Mirror finished : test at Fri Aug  2 10:07:57 2013
Mirror started : test at Fri Aug  9 13:18:01 2013
Mirror finished : test at Fri Aug  9 13:24:15 2013
Mirror started : test at Thu Aug 22 09:57:40 2013
Mirror finished : test at Thu Aug 22 10:05:17 2013
Mirror started : test at Mon Aug 26 09:02:46 2013
Mirror finished : test at Mon Aug 26 09:08:53 2013
Mirror started : jdubeau at Mon Aug 26 22:27:03 2013
Mirror finished : jdubeau at Mon Aug 26 22:33:01 2013
Mirror started : jdubeau at Mon Aug 26 22:34:43 2013
Mirror finished : jdubeau at Mon Aug 26 22:40:40 2013
Mirror started : jdubeau at Mon Aug 26 22:41:22 2013
Mirror finished : jdubeau at Mon Aug 26 22:46:06 2013
Mirror started : jdubeau at Mon Aug 26 23:00:49 2013
Mirror finished : jdubeau at Mon Aug 26 23:06:36 2013
Mirror started : jdubeau at Tue Aug 27 08:53:53 2013
Mirror finished : jdubeau at Tue Aug 27 08:59:05 2013
Mirror started : test at Tue Aug 27 11:54:54 2013
Mirror finished : test at Tue Aug 27 12:01:07 2013
Mirror started : test at Tue Aug 27 14:33:29 2013
Mirror finished : test at Tue Aug 27 14:40:02 2013
Mirror started : test at Tue Aug 27 14:43:09 2013
Mirror finished : test at Tue Aug 27 14:49:22 2013
Mirror started : test at Wed Aug 28 08:53:25 2013
Mirror finished : test at Wed Aug 28 08:59:01 2013
Mirror started : test at Wed Aug 28 09:38:12 2013
Mirror finished : test at Wed Aug 28 09:42:12 2013
Mirror started : test at Wed Aug 28 10:00:52 2013
Mirror finished : test at Wed Aug 28 10:04:57 2013
Mirror started : test at Wed Aug 28 10:15:45 2013
Mirror finished : test at Wed Aug 28 10:20:04 2013
Mirror started : test at Wed Aug 28 14:47:47 2013
Mirror finished : test at Wed Aug 28 14:52:02 2013
Mirror started : jdubeau at Wed Sep  4 15:38:05 2013
Mirror finished : jdubeau at Wed Sep  4 15:44:00 2013
Mirror started : jdubeau at Wed Sep  4 16:17:33 2013
Mirror finished : jdubeau at Wed Sep  4 16:24:20 2013
Mirror started : test at Thu Sep 19 11:30:14 2013
Mirror finished : test at Thu Sep 19 11:35:57 2013
Mirror started : test at Tue Sep 24 08:35:55 2013
Mirror finished : test at Tue Sep 24 08:41:46 2013
Mirror started : test at Tue Sep 24 08:48:41 2013
Mirror finished : test at Tue Sep 24 08:52:08 2013
Mirror started : test at Mon Sep 30 15:03:41 2013
Mirror finished : test at Mon Sep 30 15:09:18 2013
Mirror started : test at Mon Sep 30 15:41:53 2013
Mirror finished : test at Mon Sep 30 15:45:58 2013
Mirror started : test at Thu Oct  3 08:12:41 2013
Mirror finished : test at Thu Oct  3 08:23:20 2013
Mirror started : jdubeau at Wed Oct 16 21:26:11 2013
Mirror finished : jdubeau at Wed Oct 16 21:32:02 2013
Mirror started : test at Fri Oct 18 15:45:06 2013
Mirror finished : test at Fri Oct 18 15:50:32 2013
Mirror started : test at Fri Oct 18 16:11:51 2013
Mirror finished : test at Fri Oct 18 16:15:38 2013
Mirror started : test at Mon Oct 21 10:21:40 2013
Mirror finished : test at Mon Oct 21 10:26:29 2013
Mirror started : test at Mon Oct 21 10:54:15 2013
Mirror finished : test at Mon Oct 21 10:58:08 2013
Mirror started : test at Mon Oct 21 11:01:21 2013
Mirror finished : test at Mon Oct 21 11:05:02 2013
Mirror started : test at Fri Oct 25 08:47:33 2013
Mirror finished : test at Fri Oct 25 08:53:27 2013
Mirror started : test at Fri Oct 25 09:02:50 2013
Mirror finished : test at Fri Oct 25 09:08:04 2013
Mirror started : test at Fri Oct 25 09:20:29 2013
Mirror finished : test at Fri Oct 25 09:25:42 2013
Mirror started : jdubeau at Tue Oct 29 13:32:24 2013
Mirror finished : jdubeau at Tue Oct 29 13:38:14 2013
Mirror started : jdubeau at Tue Oct 29 14:19:23 2013
Mirror finished : jdubeau at Tue Oct 29 14:25:16 2013
Mirror started : jdubeau at Tue Oct 29 14:51:20 2013
Mirror finished : jdubeau at Tue Oct 29 14:56:20 2013
Mirror started : jdubeau at Tue Oct 29 14:57:04 2013
Mirror finished : jdubeau at Tue Oct 29 15:01:57 2013
Mirror started : jdubeau at Fri Nov  1 14:04:50 2013
Mirror finished : jdubeau at Fri Nov  1 14:10:18 2013
Mirror started : jdubeau at Thu Nov  7 16:53:34 2013
Mirror finished : jdubeau at Thu Nov  7 16:59:56 2013
Mirror started : test at Fri Nov 15 11:38:31 2013
Mirror finished : test at Fri Nov 15 11:44:43 2013
Mirror started : test at Wed Dec  4 16:03:39 2013
Mirror finished : test at Wed Dec  4 16:08:55 2013
Mirror started : test at Thu Dec  5 08:39:31 2013
Mirror finished : test at Thu Dec  5 08:42:54 2013
Mirror started : jdubeau at Fri Dec  6 12:51:30 2013
Mirror finished : jdubeau at Fri Dec  6 12:56:42 2013
Mirror started : test at Tue Dec 10 11:29:47 2013
Mirror finished : test at Tue Dec 10 11:35:28 2013
Mirror started : test at Wed Dec 11 15:34:29 2013
Mirror finished : test at Wed Dec 11 15:39:40 2013
Mirror started : test at Tue Dec 17 11:23:01 2013
Mirror finished : test at Tue Dec 17 11:29:44 2013
Mirror started : test at Tue Dec 17 11:58:30 2013
Mirror finished : test at Tue Dec 17 12:03:31 2013
Mirror started : jdubeau at Wed Jan 22 07:58:58 2014
Mirror finished : jdubeau at Wed Jan 22 08:03:54 2014
Mirror started : test at Wed Jan 22 09:22:39 2014
Mirror finished : test at Wed Jan 22 09:27:18 2014
Mirror started : test at Fri Jan 24 10:43:12 2014
Mirror finished : test at Fri Jan 24 10:48:50 2014
Mirror started : test at Fri Jan 24 11:04:15 2014
Mirror finished : test at Fri Jan 24 11:44:33 2014
Mirror started : test at Fri Jan 24 14:40:47 2014
Mirror finished : test at Fri Jan 24 14:45:43 2014
Mirror started : test at Mon Jan 27 11:23:56 2014
Mirror finished : test at Mon Jan 27 11:29:38 2014
Mirror started : test at Mon Jan 27 14:39:35 2014
Mirror finished : test at Mon Jan 27 14:44:46 2014
Mirror started : test at Mon Jan 27 15:14:06 2014
Mirror finished : test at Mon Jan 27 15:19:16 2014
Mirror started : test at Mon Jan 27 15:48:50 2014
Mirror finished : test at Mon Jan 27 15:54:08 2014
Mirror started : test at Wed Jan 29 09:33:03 2014
Mirror finished : test at Wed Jan 29 09:38:23 2014
Mirror started : test at Mon Feb  3 10:58:04 2014
Mirror finished : test at Mon Feb  3 11:02:58 2014
Mirror started : test at Mon Feb  3 11:42:29 2014
Mirror finished : test at Mon Feb  3 11:46:59 2014
Mirror started : test at Mon Feb  3 14:08:27 2014
Mirror finished : test at Mon Feb  3 14:13:16 2014
Mirror started : test at Thu Feb  6 11:35:42 2014
Mirror finished : test at Thu Feb  6 11:40:40 2014
Mirror started : jdubeau at Thu Feb  6 15:37:14 2014
Mirror finished : jdubeau at Thu Feb  6 15:42:05 2014
Mirror started : test at Fri Feb  7 11:07:25 2014
Mirror finished : test at Fri Feb  7 11:12:09 2014
Mirror started : test at Tue Feb 25 10:35:49 2014
Mirror finished : test at Tue Feb 25 10:39:55 2014
Mirror started : jdubeau at Thu Feb 27 15:17:25 2014
Mirror finished : jdubeau at Thu Feb 27 15:21:51 2014
Mirror started : test at Fri Feb 28 10:06:18 2014
Mirror finished : test at Fri Feb 28 10:09:42 2014
Mirror started : test at Fri Mar 28 15:49:03 2014
Mirror finished : test at Fri Mar 28 15:53:27 2014
Mirror started : test at Fri Mar 28 16:09:43 2014
Mirror finished : test at Fri Mar 28 16:13:01 2014
Mirror started : test at Mon Mar 31 09:51:18 2014
Mirror finished : test at Mon Mar 31 09:55:25 2014
Mirror started : test at Mon Mar 31 09:56:56 2014
Mirror finished : test at Mon Mar 31 10:00:02 2014
Mirror started : test at Tue Apr  1 15:51:22 2014
Mirror finished : test at Tue Apr  1 15:56:01 2014
Mirror started : test at Tue Apr  8 11:30:33 2014
Mirror finished : test at Tue Apr  8 11:34:56 2014
Mirror started : test at Tue Apr 22 09:59:59 2014
Mirror finished : test at Tue Apr 22 10:04:03 2014
Mirror started : test at Tue Apr 22 10:22:01 2014
Mirror finished : test at Tue Apr 22 10:25:47 2014
Mirror started : test at Tue Apr 22 10:54:26 2014
Mirror finished : test at Tue Apr 22 10:58:14 2014
Mirror started : test at Fri Apr 25 10:30:16 2014
Mirror finished : test at Fri Apr 25 10:34:38 2014
Mirror started : test at Wed Jun  4 12:46:01 2014
Mirror finished : test at Wed Jun  4 12:50:40 2014
Mirror started : test at Tue Jun 17 11:05:06 2014
Mirror finished : test at Tue Jun 17 11:10:16 2014
Mirror started : test at Tue Jun 17 11:19:09 2014
Mirror finished : test at Tue Jun 17 11:22:37 2014
Mirror started : test at Mon Jun 23 14:20:22 2014
Mirror finished : test at Mon Jun 23 14:24:37 2014
Mirror started : test at Wed Aug  6 10:50:03 2014
Mirror finished : test at Wed Aug  6 10:55:11 2014
Mirror started : test at Fri Aug  8 12:19:55 2014
Mirror finished : test at Fri Aug  8 12:23:16 2014
Mirror started : test at Fri Aug  8 15:20:52 2014
Mirror finished : test at Fri Aug  8 15:24:01 2014
Mirror started : test at Mon Aug 11 08:45:49 2014
Mirror finished : test at Mon Aug 11 08:49:15 2014
Mirror started : test at Tue Aug 12 16:23:48 2014
Mirror finished : test at Tue Aug 12 16:27:58 2014
Mirror started : test at Thu Aug 14 09:23:19 2014
Mirror finished : test at Thu Aug 14 09:26:54 2014
Mirror started : jdubeau at Sat Aug 16 14:08:37 2014
Mirror finished : jdubeau at Sat Aug 16 14:12:14 2014
Mirror started : test at Mon Aug 18 09:27:38 2014
Mirror finished : test at Mon Aug 18 09:31:28 2014
Mirror started : test at Tue Aug 19 10:20:22 2014
Mirror finished : test at Tue Aug 19 10:24:20 2014
Mirror started : test at Tue Aug 19 16:11:30 2014
Mirror finished : test at Tue Aug 19 16:15:26 2014
Mirror started : test at Wed Aug 20 08:23:12 2014
Mirror finished : test at Wed Aug 20 08:27:01 2014
Mirror started : test at Thu Aug 21 11:33:10 2014
Mirror finished : test at Thu Aug 21 11:37:16 2014
Mirror started : test at Fri Aug 22 16:27:03 2014
Mirror finished : test at Fri Aug 22 16:31:04 2014
Mirror started : test at Mon Aug 25 09:37:26 2014
Mirror finished : test at Mon Aug 25 09:41:37 2014
Mirror started : test at Mon Aug 25 16:16:03 2014
Mirror finished : test at Mon Aug 25 16:21:17 2014
Mirror started : test at Tue Aug 26 10:25:29 2014
Mirror finished : test at Tue Aug 26 10:29:37 2014
Mirror started : test at Tue Aug 26 10:39:47 2014
Mirror finished : test at Tue Aug 26 10:44:05 2014
Mirror started : test at Tue Aug 26 11:04:14 2014
Mirror finished : test at Tue Aug 26 11:08:07 2014
Mirror started : test at Tue Aug 26 14:07:02 2014
Mirror finished : test at Tue Aug 26 14:11:08 2014
Mirror started : test at Tue Sep  2 09:08:32 2014
Mirror finished : test at Tue Sep  2 09:13:57 2014
Mirror started : felfilali at Wed Sep  3 14:18:32 2014
Mirror finished : felfilali at Wed Sep  3 14:23:02 2014
Mirror started : benson at Wed Sep 10 09:53:10 2014
Mirror finished : benson at Wed Sep 10 09:57:29 2014
Mirror started : benson at Mon Sep 15 10:55:06 2014
Mirror finished : benson at Mon Sep 15 11:00:30 2014
Mirror started : benson at Mon Sep 15 11:22:08 2014
Mirror finished : benson at Mon Sep 15 11:26:50 2014
Mirror started : benson at Mon Sep 15 15:57:15 2014
Mirror finished : benson at Mon Sep 15 16:02:48 2014
Mirror started : benson at Tue Sep 16 09:13:04 2014
Mirror finished : benson at Tue Sep 16 09:16:54 2014
Mirror started : test at Fri Sep 19 16:14:57 2014
Mirror finished : test at Fri Sep 19 16:19:31 2014
Mirror started : test at Wed Sep 24 14:08:33 2014
Mirror finished : test at Wed Sep 24 14:13:39 2014
Mirror started : test at Mon Sep 29 11:30:02 2014
Mirror finished : test at Mon Sep 29 11:34:24 2014
Mirror started : test at Wed Oct  1 16:10:38 2014
Mirror finished : test at Wed Oct  1 16:16:23 2014
Mirror started : benson at Wed Oct  8 08:30:14 2014
Mirror finished : benson at Wed Oct  8 08:33:53 2014
Mirror started : benson at Wed Oct  8 12:37:41 2014
Mirror finished : benson at Wed Oct  8 12:42:10 2014
Mirror started : parrt at Mon Oct 13 11:55:40 2014
Mirror finished : parrt at Mon Oct 13 12:00:40 2014
Mirror started : test at Thu Oct 16 11:10:06 2014
Mirror finished : test at Thu Oct 16 11:16:02 2014
Mirror started : test at Thu Oct 16 11:28:46 2014
Mirror finished : test at Thu Oct 16 11:34:56 2014
Mirror started : test at Mon Oct 20 09:43:59 2014
Mirror finished : test at Mon Oct 20 09:49:47 2014
Mirror started : peter at Sun Nov  9 11:44:47 2014
Mirror finished : peter at Sun Nov  9 11:49:14 2014
Mirror started : test at Thu Dec  4 09:10:10 2014
Mirror finished : test at Thu Dec  4 09:15:33 2014
Mirror started : test at Thu Dec  4 09:17:33 2014
Mirror finished : test at Thu Dec  4 09:20:40 2014
Mirror started : test at Fri Dec 12 12:31:36 2014
Mirror finished : test at Fri Dec 12 12:35:08 2014
Mirror started : test at Tue Jan 13 11:34:44 2015
Mirror finished : test at Tue Jan 13 11:39:41 2015
Mirror started : test at Tue Jan 13 11:50:06 2015
Mirror finished : test at Tue Jan 13 11:54:21 2015
Mirror started : test at Tue Jan 13 15:11:58 2015
Mirror finished : test at Tue Jan 13 15:15:23 2015
Mirror started : test at Wed Jan 14 12:45:47 2015
Mirror finished : test at Wed Jan 14 13:46:47 2015
Mirror started : test at Tue Jan 20 16:12:32 2015
Mirror finished : test at Tue Jan 20 16:16:18 2015
Mirror started : test at Wed Jan 21 12:16:40 2015
Mirror finished : test at Wed Jan 21 12:20:21 2015
Mirror started : test at Fri Jan 23 10:56:16 2015
Mirror finished : test at Fri Jan 23 10:59:55 2015
Mirror started : test at Tue Jan 27 15:23:35 2015
Mirror finished : test at Tue Jan 27 15:27:16 2015
Mirror started : test at Thu Jan 29 12:00:08 2015
Mirror finished : test at Thu Jan 29 12:03:20 2015
Mirror started : test at Thu Jan 29 14:19:49 2015
Mirror finished : test at Thu Jan 29 14:22:31 2015
Mirror started : test at Thu Jan 29 14:45:57 2015
Mirror finished : test at Thu Jan 29 14:48:38 2015
Mirror started : test at Fri Jan 30 15:54:43 2015
Mirror finished : test at Fri Jan 30 15:59:28 2015
Mirror started : test at Thu Feb 12 16:25:34 2015
Mirror finished : test at Thu Feb 12 16:29:43 2015
Mirror started : test at Fri Feb 13 14:56:06 2015
Mirror finished : test at Fri Feb 13 15:00:14 2015
Mirror started : test at Tue Feb 17 10:34:53 2015
Mirror finished : test at Tue Feb 17 10:39:01 2015
Mirror started : test at Fri Feb 20 09:04:59 2015
Mirror finished : test at Fri Feb 20 09:09:13 2015
Mirror started : test at Fri Feb 20 10:41:33 2015
Mirror finished : test at Fri Feb 20 10:44:57 2015
Mirror started : test at Fri Feb 20 10:47:01 2015
Mirror finished : test at Fri Feb 20 10:50:26 2015
Mirror started : test at Fri Feb 20 10:58:34 2015
Mirror finished : test at Fri Feb 20 11:02:09 2015
Mirror started : test at Thu Feb 26 12:21:28 2015
Mirror finished : test at Thu Feb 26 12:26:05 2015
Mirror started : test at Fri Feb 27 15:46:06 2015
Mirror finished : test at Fri Feb 27 15:50:24 2015
Mirror started : test at Mon Mar  2 10:51:01 2015
Mirror finished : test at Mon Mar  2 10:56:07 2015
Mirror started : test at Tue Mar 10 16:19:27 2015
Mirror finished : test at Tue Mar 10 16:24:20 2015
Mirror started : test at Tue Mar 17 08:48:44 2015
Mirror finished : test at Tue Mar 17 08:54:30 2015
Mirror started : test at Tue Mar 31 09:52:05 2015
Mirror finished : test at Tue Mar 31 09:56:35 2015
Mirror started : test at Tue Apr 14 08:51:48 2015
Mirror finished : test at Tue Apr 14 08:55:48 2015
Mirror started : test at Tue Apr 14 09:04:44 2015
Mirror finished : test at Tue Apr 14 09:08:21 2015
Mirror started : test at Tue Apr 14 09:27:24 2015
Mirror finished : test at Tue Apr 14 09:30:53 2015
Mirror started : test at Tue Apr 14 16:13:34 2015
Mirror finished : test at Tue Apr 14 16:19:00 2015
Mirror started : test at Thu Apr 23 10:29:20 2015
Mirror finished : test at Thu Apr 23 10:33:38 2015
Mirror started : test at Thu Apr 23 10:36:58 2015
Mirror finished : test at Thu Apr 23 10:40:14 2015
Mirror started : test at Thu Apr 23 11:17:10 2015
Mirror finished : test at Thu Apr 23 11:21:02 2015
Mirror started : srollins at Tue Apr 28 13:50:55 2015
Mirror finished : srollins at Tue Apr 28 13:57:49 2015
Mirror started : srollins at Tue Apr 28 14:02:34 2015
Mirror finished : srollins at Tue Apr 28 14:08:33 2015
Mirror started : srollins at Tue Apr 28 14:09:58 2015
Mirror finished : srollins at Tue Apr 28 14:15:36 2015
Mirror started : srollins at Tue Apr 28 14:21:52 2015
Mirror finished : srollins at Tue Apr 28 14:27:27 2015
Mirror started : srollins at Mon May  4 11:11:23 2015
Mirror finished : srollins at Mon May  4 11:15:25 2015
Mirror started : test at Wed May 13 10:39:56 2015
Mirror finished : test at Wed May 13 10:40:41 2015
Mirror started : srollins at Thu May 21 13:26:38 2015
Mirror finished : srollins at Thu May 21 13:27:26 2015
Mirror started : srollins at Thu May 21 13:28:27 2015
Mirror finished : srollins at Thu May 21 13:29:03 2015
Mirror started : srollins at Thu May 21 13:51:23 2015
Mirror finished : srollins at Thu May 21 13:51:54 2015
Mirror started : srollins at Thu May 21 14:01:49 2015
Mirror finished : srollins at Thu May 21 14:02:22 2015
